AndroidApp/app/build/outputs/mapping/release/seeds.txt
com.example.alertnow.databinding.BfppageBinding
com.example.alertnow.LoginPage$1
com.example.alertnow.R
com.example.alertnow.databinding.AgencyinBinding
com.example.alertnow.databinding.SignuptypeBinding
com.example.alertnow.databinding.SignuppageBinding
com.example.alertnow.PassReset
com.example.alertnow.databinding.LogintypeBinding
com.example.alertnow.CoordinatesUtil
com.example.alertnow.MapsActivity
com.example.alertnow.SignUpType
com.example.alertnow.BFPPage
com.example.alertnow.databinding.AgencyupBinding
com.example.alertnow.ResidentPage
com.example.alertnow.databinding.ResidentupBinding
com.example.alertnow.databinding.HospitalpageBinding
com.example.alertnow.Util
com.example.alertnow.CityHealthPage
com.example.alertnow.PassReset$1
com.example.alertnow.SignupPage$1
com.example.alertnow.StarterPage
com.example.alertnow.databinding.PassresBinding
com.example.alertnow.databinding.HealthpageBinding
com.example.alertnow.databinding.StarterpageBinding
com.example.alertnow.R$color
com.example.alertnow.LoginType
com.example.alertnow.SyncWorker
com.example.alertnow.databinding.ResidentpageBinding
com.example.alertnow.AgencyIn$1
com.example.alertnow.DecisionTreeClassifier
com.example.alertnow.R$id
com.example.alertnow.R$array
com.example.alertnow.DatabaseHelper
com.example.alertnow.SignupPage
com.example.alertnow.R$xml
com.example.alertnow.BarangayPage
com.example.alertnow.PNPPage
com.example.alertnow.R$layout
com.example.alertnow.MainApplication
com.example.alertnow.databinding.CdrrmopageBinding
com.example.alertnow.HospitalsPage
com.example.alertnow.R$raw
com.example.alertnow.ResidentPage$1
com.example.alertnow.SyncService
com.example.alertnow.LoginPage
com.example.alertnow.PassReset$3
com.example.alertnow.Util$1
com.example.alertnow.R$mipmap
com.example.alertnow.R$drawable
com.example.alertnow.databinding.OfficialpageBinding
com.example.alertnow.AgencyIn
com.example.alertnow.Agencyup
com.example.alertnow.PassReset$2
com.example.alertnow.databinding.ActivityMapsBinding
com.example.alertnow.R$string
com.example.alertnow.AgencyIn$2
com.example.alertnow.Agencyup$1
com.example.alertnow.databinding.LoginpageBinding
com.example.alertnow.databinding.PnppageBinding
com.example.alertnow.CDRRMOPage
com.example.alertnow.R$drawable: int alertnow_icon
com.example.alertnow.R$drawable: int nav_bar3_border
com.example.alertnow.PassReset: java.lang.String contactNumber
com.example.alertnow.R$array: int road_driver_gender
com.example.alertnow.AgencyIn: android.widget.Spinner spinnerAssignedHospital
com.example.alertnow.databinding.HospitalpageBinding: android.widget.ImageView alertlogo
com.example.alertnow.ResidentPage: com.example.alertnow.DatabaseHelper dbHelper
com.example.alertnow.AgencyIn: com.example.alertnow.DatabaseHelper dbHelper
com.example.alertnow.AgencyIn: android.widget.Button balikbtn
com.example.alertnow.LoginPage: com.example.alertnow.DatabaseHelper dbHelper
com.example.alertnow.SignupPage: android.widget.EditText etBarangay
com.example.alertnow.AgencyIn: androidx.core.view.GestureDetectorCompat gestureDetector
com.example.alertnow.databinding.ResidentupBinding: android.widget.EditText etUsername
com.example.alertnow.databinding.LoginpageBinding: android.widget.Button balikbtn
com.example.alertnow.R$array: int roles_cdrmo_pnp_bfp_cityhealth
com.example.alertnow.databinding.AgencyinBinding: android.widget.FrameLayout rootView
com.example.alertnow.R$string: int error_location_unavailable
com.example.alertnow.R$string: int city_municipality
com.example.alertnow.CDRRMOPage: android.media.MediaPlayer mediaPlayer
com.example.alertnow.R$id: int pnpLabel
com.example.alertnow.PassReset: com.example.alertnow.DatabaseHelper dbHelper
com.example.alertnow.CityHealthPage: io.socket.client.Socket socket
com.example.alertnow.databinding.PnppageBinding: android.widget.RelativeLayout rootView
com.example.alertnow.R$string: int hint_municipality
com.example.alertnow.databinding.SignuppageBinding: android.widget.EditText etLastName
...
androidx.versionedparcelable.ParcelImpl
androidx.lifecycle.SingleGeneratedAdapterObserver
androidx.emoji2.text.EmojiCompatInitializer
androidx.emoji2.text.EmojiCompatInitializer$1
com.bumptech.glide.load.data.ParcelFileDescriptorRewinder$InternalRewinder
androidx.lifecycle.DefaultLifecycleObserverAdapter
io.socket.parser.DecodingException
io.socket.engineio.client.Socket$13
com.google.android.gms.maps.SupportMapFragment
io.socket.client.Manager$6
androidx.work.impl.workers.DiagnosticsWorker
io.socket.engineio.client.transports.WebSocket$2$1
androidx.versionedparcelable.CustomVersionedParcelable
io.socket.client.Socket$2$3
androidx.work.impl.background.systemalarm.ConstraintProxyUpdateReceiver
androidx.work.impl.background.systemalarm.ConstraintProxy$NetworkStateProxy
io.socket.parser.Packet
com.google.android.gms.common.util.DynamiteApi
io.socket.engineio.client.Socket$2
io.socket.engineio.client.HandshakeData
io.socket.client.Socket$2
io.socket.client.Manager$1$3
io.socket.client.Manager$Engine
io.socket.engineio.client.Socket$16
io.socket.engineio.client.transports.Polling$1$3
androidx.activity.result.ActivityResultRegistry$1
io.socket.client.IO$Options
com.google.android.gms.common.GooglePlayServicesManifestException
androidx.lifecycle.SavedStateHandleAttacher
com.google.android.gms.common.SupportErrorDialogFragment
io.socket.engineio.client.Transport$2
androidx.work.impl.WorkDatabase_Impl
androidx.activity.ComponentActivity$4
androidx.appcompat.widget.Toolbar
io.socket.client.On$Handle
androidx.activity.OnBackPressedDispatcher$LifecycleOnBackPressedCancellable
io.socket.thread.EventThread$1
androidx.appcompat.widget.ViewStubCompat
io.socket.client.Socket$3
io.socket.engineio.client.Transport$3
okhttp3.internal.publicsuffix.PublicSuffixDatabase
io.socket.engineio.parser.Packet
com.google.android.gms.common.GooglePlayServicesIncorrectManifestValueException
io.socket.engineio.client.Socket$ReadyState: io.socket.engineio.client.Socket$ReadyState[] $VALUES
io.socket.client.Manager$1$4: long val$timeout
io.socket.engineio.client.transports.WebSocket$2$1: io.socket.engineio.client.transports.WebSocket$2 this$1
kotlinx.coroutines.internal.LockFreeTaskQueueCore: java.lang.Object _next
io.socket.engineio.client.Socket$9: java.lang.String val$name
io.socket.engineio.parser.Base64$Decoder: int state
io.socket.client.Manager: java.util.List packetBuffer
io.socket.engineio.parser.Parser$2: java.lang.StringBuilder val$result
kotlinx.coroutines.internal.ThreadSafeHeap: int _size
kotlinx.coroutines.scheduling.WorkQueue: int consumerIndex
io.socket.client.IO$Options: boolean multiplex
io.socket.engineio.parser.Packet: java.lang.String PONG
io.socket.engineio.client.transports.Polling$1$2: java.lang.Runnable val$pause
io.socket.client.Manager$Options: double randomizationFactor
io.socket.client.Socket: java.lang.String EVENT_DISCONNECT
io.socket.engineio.parser.Base64: int NO_WRAP
io.socket.engineio.parser.Parser: java.util.Map packetslist
io.socket.engineio.client.Transport: okhttp3.WebSocket$Factory webSocketFactory
io.socket.engineio.client.Socket: java.util.logging.Logger logger
io.socket.client.Manager$7: io.socket.client.Manager val$self
kotlinx.coroutines.channels.BufferedChannel: java.lang.Object sendSegment
io.socket.engineio.client.Transport: io.socket.engineio.client.Socket socket
io.socket.engineio.client.transports.PollingXHR$Request: java.lang.String EVENT_RESPONSE_HEADERS
io.socket.thread.EventThread: java.util.logging.Logger logger
io.socket.client.Manager$1$5: java.lang.Runnable val$onTimeout
io.socket.client.Manager$1$1: io.socket.client.Manager$1 this$1
io.socket.engineio.parser.Packet: java.lang.String ERROR
io.socket.client.Manager: io.socket.backo.Backoff backoff
io.socket.engineio.client.Socket: boolean upgrading
io.socket.engineio.client.Socket$16: java.lang.Runnable val$fn
io.socket.engineio.client.transports.Polling$1$2: io.socket.engineio.client.transports.Polling$1 this$1