AndroidApp/app/build/outputs/mapping/release/usage.txt
com.example.alertnow.AgencyIn$$InternalSyntheticLambda$1$685b8e25c4dbcc6d99a01348ff957ff2203ae4ef75b6a705d17297f0acf187c3$1
com.example.alertnow.AgencyIn$$InternalSyntheticLambda$1$685b8e25c4dbcc6d99a01348ff957ff2203ae4ef75b6a705d17297f0acf187c3$2
com.example.alertnow.Agencyup$$InternalSyntheticLambda$1$6a045d084717ed336b335355e27f0520d59b507824cb8c9c90b2f6650a178733$0
com.example.alertnow.BFPPage$$InternalSyntheticLambda$1$2fdae31e419d6182f3209a7ba6a8c1a7e097d0ed6cd447ba733d488a3cfdaf7d$1
com.example.alertnow.BFPPage$$InternalSyntheticLambda$1$2fdae31e419d6182f3209a7ba6a8c1a7e097d0ed6cd447ba733d488a3cfdaf7d$3
com.example.alertnow.BFPPage$$InternalSyntheticLambda$1$2fdae31e419d6182f3209a7ba6a8c1a7e097d0ed6cd447ba733d488a3cfdaf7d$4
com.example.alertnow.BFPPage$$InternalSyntheticLambda$1$67884592cbeeaf3b5da3dbb8f349680643aa1c7907686e68e20c48748da9964d$0
com.example.alertnow.BarangayPage$$InternalSyntheticLambda$1$33932f97debb28ca7c77e20569cdb72aa7c228248a6159ad59a09024a54eb969$0
com.example.alertnow.BarangayPage$$InternalSyntheticLambda$1$8edcc49fe31d544cf2534d970dd4a544f8bb3f8e2fcdce493c1fd4f63fc626ee$1
com.example.alertnow.BarangayPage$$InternalSyntheticLambda$1$8edcc49fe31d544cf2534d970dd4a544f8bb3f8e2fcdce493c1fd4f63fc626ee$2
com.example.alertnow.BarangayPage$$InternalSyntheticLambda$1$8edcc49fe31d544cf2534d970dd4a544f8bb3f8e2fcdce493c1fd4f63fc626ee$3
com.example.alertnow.BarangayPage$$InternalSyntheticLambda$1$8edcc49fe31d544cf2534d970dd4a544f8bb3f8e2fcdce493c1fd4f63fc626ee$4
com.example.alertnow.BarangayPage$$InternalSyntheticLambda$1$cd318d4f1c0f15c37a558f9675035d2a99b150e64a534c6501a755da4cec48af$0
com.example.alertnow.BarangayPage$$InternalSyntheticLambda$1$cd318d4f1c0f15c37a558f9675035d2a99b150e64a534c6501a755da4cec48af$2
com.example.alertnow.BarangayPage$$InternalSyntheticLambda$1$cd318d4f1c0f15c37a558f9675035d2a99b150e64a534c6501a755da4cec48af$4
com.example.alertnow.BarangayPage$$InternalSyntheticLambda$1$ff78b8ac27f8a4041c1630d6c919d206640249df104a04eb9d6c343a9aa862b7$0
com.example.alertnow.CDRRMOPage$$InternalSyntheticLambda$1$16e1fbb72ecd4c3df49e4c779db4aa9646d017f3203b5ed858a73de90c3fb79a$0
com.example.alertnow.CDRRMOPage$$InternalSyntheticLambda$1$66b6be188f1e2a66e30d136320b8a1fcb432a458ab80714dd7616f164612e0dd$0
com.example.alertnow.CDRRMOPage$$InternalSyntheticLambda$1$66b6be188f1e2a66e30d136320b8a1fcb432a458ab80714dd7616f164612e0dd$1
com.example.alertnow.CDRRMOPage$$InternalSyntheticLambda$1$78ab2eba7a6fba4e49d8bf3c6889d2b2481ee75521d476e129b91ac1a9215c66$1
com.example.alertnow.CDRRMOPage$$InternalSyntheticLambda$1$78ab2eba7a6fba4e49d8bf3c6889d2b2481ee75521d476e129b91ac1a9215c66$2
com.example.alertnow.CDRRMOPage$$InternalSyntheticLambda$1$78ab2eba7a6fba4e49d8bf3c6889d2b2481ee75521d476e129b91ac1a9215c66$3
com.example.alertnow.CDRRMOPage$$InternalSyntheticLambda$1$78ab2eba7a6fba4e49d8bf3c6889d2b2481ee75521d476e129b91ac1a9215c66$4
com.example.alertnow.CDRRMOPage$$InternalSyntheticLambda$1$ee229d6310b2b558c8c48bb97f7b523441b062ed64b7ba9c9e0c9393df85c014$0
com.example.alertnow.CityHealthPage$$InternalSyntheticLambda$1$56bf42e3a5d84407dc5b208d0f46c69d3e22f17020ba30b58e6c6aeaa1775226$0
com.example.alertnow.CityHealthPage$$InternalSyntheticLambda$1$76775900833d7e301ad35191c7cdcf6f6a8126ca3a960ab36854cb1a7da1664f$1
com.example.alertnow.CityHealthPage$$InternalSyntheticLambda$1$76775900833d7e301ad35191c7cdcf6f6a8126ca3a960ab36854cb1a7da1664f$2
com.example.alertnow.CityHealthPage$$InternalSyntheticLambda$1$76775900833d7e301ad35191c7cdcf6f6a8126ca3a960ab36854cb1a7da1664f$3
com.example.alertnow.CityHealthPage$$InternalSyntheticLambda$1$76775900833d7e301ad35191c7cdcf6f6a8126ca3a960ab36854cb1a7da1664f$4
com.example.alertnow.CityHealthPage$$InternalSyntheticLambda$1$935f39848201bbad95c1451b40d09a7d4979962d36dc154a3a056b874dfb82ab$0
com.example.alertnow.CityHealthPage$$InternalSyntheticLambda$1$bfff06f833e3493d16955e37f20682ea954683d4ac4a461c5b6f3925bf5f6afc$0
...
androidx.lifecycle.ServiceLifecycleDispatcher$DispatchRunnable:
    public final androidx.lifecycle.Lifecycle$Event getEvent()
androidx.lifecycle.Transformations$distinctUntilChanged$1
androidx.lifecycle.Transformations$map$1
androidx.lifecycle.Transformations$map$2
androidx.lifecycle.Transformations$sam$androidx_lifecycle_Observer$0
androidx.lifecycle.Transformations$switchMap$1$onChanged$1
androidx.lifecycle.Transformations$switchMap$1
androidx.lifecycle.Transformations$switchMap$2$onChanged$1
androidx.lifecycle.Transformations$switchMap$2
androidx.lifecycle.Transformations
androidx.lifecycle.ViewModel:
    public varargs void <init>(java.io.Closeable[])
    public void addCloseable(java.io.Closeable)
androidx.lifecycle.ViewModelLazy$1
androidx.lifecycle.ViewModelLazy
androidx.lifecycle.ViewModelProvider$AndroidViewModelFactory$Companion:
    public final androidx.lifecycle.ViewModelProvider$Factory defaultFactory$lifecycle_viewmodel_release(androidx.lifecycle.ViewModelStoreOwner)
androidx.lifecycle.ViewModelProvider$AndroidViewModelFactory:
    public static final java.lang.String DEFAULT_KEY
    public static final androidx.lifecycle.ViewModelProvider$AndroidViewModelFactory getInstance(android.app.Application)
androidx.lifecycle.ViewModelProvider$Factory$Companion:
    public final varargs androidx.lifecycle.ViewModelProvider$Factory from(androidx.lifecycle.viewmodel.ViewModelInitializer[])
androidx.lifecycle.ViewModelProvider$NewInstanceFactory$Companion:
    public static synthetic void getInstance$annotations()
androidx.lifecycle.ViewModelProvider$NewInstanceFactory:
    public static final androidx.lifecycle.ViewModelProvider$NewInstanceFactory getInstance()
androidx.lifecycle.ViewModelProvider:
    public void <init>(androidx.lifecycle.ViewModelStoreOwner)
androidx.lifecycle.ViewModelProviderGetKt:
    public static final synthetic androidx.lifecycle.ViewModel get(androidx.lifecycle.ViewModelProvider)
androidx.lifecycle.ViewTreeLifecycleOwner$findViewTreeLifecycleOwner$1
androidx.lifecycle.ViewTreeLifecycleOwner$findViewTreeLifecycleOwner$2
androidx.lifecycle.ViewTreeLifecycleOwner:
    public static final androidx.lifecycle.LifecycleOwner get(android.view.View)
androidx.lifecycle.ViewTreeViewModelKt
androidx.lifecycle.ViewTreeViewModelStoreOwner$findViewTreeViewModelStoreOwner$1
androidx.lifecycle.ViewTreeViewModelStoreOwner$findViewTreeViewModelStoreOwner$2
androidx.lifecycle.ViewTreeViewModelStoreOwner:
    public static final androidx.lifecycle.ViewModelStoreOwner get(android.view.View)
androidx.lifecycle.livedata.R
androidx.lifecycle.livedata.core.R
androidx.lifecycle.process.R
androidx.lifecycle.runtime.R$id:
    private void <init>()
androidx.lifecycle.runtime.R
androidx.lifecycle.service.R
androidx.lifecycle.viewmodel.InitializerViewModelFactoryKt
androidx.lifecycle.viewmodel.R$id:
    private void <init>()
androidx.lifecycle.viewmodel.R
androidx.lifecycle.viewmodel.ViewModelFactoryDsl
androidx.lifecycle.viewmodel.savedstate.R
androidx.loader.R$attr
androidx.loader.R$color
androidx.loader.R$dimen
androidx.loader.R$drawable
androidx.loader.R$id
androidx.loader.R$integer
androidx.loader.R$layout
androidx.loader.R$string
androidx.loader.R$style
androidx.loader.R$styleable
androidx.loader.R
androidx.loader.app.LoaderManager$LoaderCallbacks
androidx.loader.app.LoaderManager:
    public abstract void destroyLoader(int)
    public static void enableDebugLogging(boolean)
    public abstract androidx.loader.content.Loader getLoader(int)
    public boolean hasRunningLoaders()
    public abstract androidx.loader.content.Loader initLoader(int,android.os.Bundle,androidx.loader.app.LoaderManager$LoaderCallbacks)
    public abstract androidx.loader.content.Loader restartLoader(int,android.os.Bundle,androidx.loader.app.LoaderManager$LoaderCallbacks)